CRITICAL - 2023-08-20 21:28:18 --> The framework needs the following extension(s) installed and loaded: intl, mbstring.
in SYSTEMPATH\CodeIgniter.php on line 227.
 1 SYSTEMPATH\CodeIgniter.php(227): CodeIgniter\Exceptions\FrameworkException::forMissingExtension('intl, mbstring')
 2 SYSTEMPATH\CodeIgniter.php(191): CodeIgniter\CodeIgniter->resolvePlatformExtensions()
 3 ROOTPATH\spark(83): CodeIgniter\CodeIgniter->initialize()
CRITICAL - 2023-08-20 21:28:18 --> Uncaught Error: Call to undefined function CodeIgniter\CLI\mb_strpos() in C:\Users\felip\OneDrive\Desktop\APS - 8\system\CLI\CLI.php:872
Stack trace:
#0 C:\Users\felip\OneDrive\Desktop\APS - 8\system\CLI\CLI.php(161): CodeIgniter\CLI\CLI::parseCommandLine()
#1 C:\Users\felip\OneDrive\Desktop\APS - 8\system\CLI\CLI.php(1115): CodeIgniter\CLI\CLI::init()
#2 C:\Users\felip\OneDrive\Desktop\APS - 8\system\Autoloader\Autoloader.php(314): include_once('C:\\Users\\felip\\...')
#3 C:\Users\felip\OneDrive\Desktop\APS - 8\system\Autoloader\Autoloader.php(291): CodeIgniter\Autoloader\Autoloader->includeFile('C:\\Users\\felip\\...')
#4 C:\Users\felip\OneDrive\Desktop\APS - 8\system\Autoloader\Autoloader.php(269): CodeIgniter\Autoloader\Autoloader->loadInNamespace('CodeIgniter\\CLI...')
#5 C:\Users\felip\OneDrive\Desktop\APS - 8\app\Views\errors\cli\error_exception.php(6): CodeIgniter\Autoloader\Autoloader->loadClass('CodeIgniter\\CLI...')
#6 C:\Users\felip\OneDrive\Desktop\APS - 8\app\Views\errors\cli\production.php(5): include('C:\\Users\\felip\\...')
#7 C:\Users\felip\OneDrive\Desktop\APS - 8\system\Debug\Exceptions.php(282): include('C:\\Users\\felip\\...')
#8 C:\Users\felip\OneDrive\Desktop\APS - 8\system\Debug\Exceptions.php(285): CodeIgniter\Debug\Exceptions->CodeIgniter\Debug\{closure}()
#9 C:\Users\felip\OneDrive\Desktop\APS - 8\system\Debug\Exceptions.php(156): CodeIgniter\Debug\Exceptions->render(Object(CodeIgniter\Exceptions\FrameworkException), 500)
#10 [internal function]: CodeIgniter\Debug\Exceptions->exceptionHandler(Object(CodeIgniter\Exceptions\FrameworkException))
#11 {main}
  thrown
【Previous Exception】
CodeIgniter\Exceptions\FrameworkException
The framework needs the following extension(s) installed and loaded: intl, mbstring.
#0 C:\Users\felip\OneDrive\Desktop\APS - 8\system\CodeIgniter.php(227): CodeIgniter\Exceptions\FrameworkException::forMissingExtension('intl, mbstring')
#1 C:\Users\felip\OneDrive\Desktop\APS - 8\system\CodeIgniter.php(191): CodeIgniter\CodeIgniter->resolvePlatformExtensions()
#2 C:\Users\felip\OneDrive\Desktop\APS - 8\spark(83): CodeIgniter\CodeIgniter->initialize()
#3 {main}
in SYSTEMPATH\CLI\CLI.php on line 872.
 1 [internal function]: CodeIgniter\Debug\Exceptions->shutdownHandler()
CRITICAL - 2023-08-20 21:30:24 --> The framework needs the following extension(s) installed and loaded: "mbstring".
in SYSTEMPATH\CodeIgniter.php on line 227.
 1 SYSTEMPATH\CodeIgniter.php(227): CodeIgniter\Exceptions\FrameworkException::forMissingExtension('mbstring')
 2 SYSTEMPATH\CodeIgniter.php(191): CodeIgniter\CodeIgniter->resolvePlatformExtensions()
 3 ROOTPATH\spark(83): CodeIgniter\CodeIgniter->initialize()
CRITICAL - 2023-08-20 21:30:24 --> Uncaught Error: Call to undefined function CodeIgniter\CLI\mb_strpos() in C:\Users\felip\OneDrive\Desktop\APS - 8\system\CLI\CLI.php:872
Stack trace:
#0 C:\Users\felip\OneDrive\Desktop\APS - 8\system\CLI\CLI.php(161): CodeIgniter\CLI\CLI::parseCommandLine()
#1 C:\Users\felip\OneDrive\Desktop\APS - 8\system\CLI\CLI.php(1115): CodeIgniter\CLI\CLI::init()
#2 C:\Users\felip\OneDrive\Desktop\APS - 8\system\Autoloader\Autoloader.php(314): include_once('C:\\Users\\felip\\...')
#3 C:\Users\felip\OneDrive\Desktop\APS - 8\system\Autoloader\Autoloader.php(291): CodeIgniter\Autoloader\Autoloader->includeFile('C:\\Users\\felip\\...')
#4 C:\Users\felip\OneDrive\Desktop\APS - 8\system\Autoloader\Autoloader.php(269): CodeIgniter\Autoloader\Autoloader->loadInNamespace('CodeIgniter\\CLI...')
#5 C:\Users\felip\OneDrive\Desktop\APS - 8\app\Views\errors\cli\error_exception.php(6): CodeIgniter\Autoloader\Autoloader->loadClass('CodeIgniter\\CLI...')
#6 C:\Users\felip\OneDrive\Desktop\APS - 8\app\Views\errors\cli\production.php(5): include('C:\\Users\\felip\\...')
#7 C:\Users\felip\OneDrive\Desktop\APS - 8\system\Debug\Exceptions.php(282): include('C:\\Users\\felip\\...')
#8 C:\Users\felip\OneDrive\Desktop\APS - 8\system\Debug\Exceptions.php(285): CodeIgniter\Debug\Exceptions->CodeIgniter\Debug\{closure}()
#9 C:\Users\felip\OneDrive\Desktop\APS - 8\system\Debug\Exceptions.php(156): CodeIgniter\Debug\Exceptions->render(Object(CodeIgniter\Exceptions\FrameworkException), 500)
#10 [internal function]: CodeIgniter\Debug\Exceptions->exceptionHandler(Object(CodeIgniter\Exceptions\FrameworkException))
#11 {main}
  thrown
【Previous Exception】
CodeIgniter\Exceptions\FrameworkException
The framework needs the following extension(s) installed and loaded: "mbstring".
#0 C:\Users\felip\OneDrive\Desktop\APS - 8\system\CodeIgniter.php(227): CodeIgniter\Exceptions\FrameworkException::forMissingExtension('mbstring')
#1 C:\Users\felip\OneDrive\Desktop\APS - 8\system\CodeIgniter.php(191): CodeIgniter\CodeIgniter->resolvePlatformExtensions()
#2 C:\Users\felip\OneDrive\Desktop\APS - 8\spark(83): CodeIgniter\CodeIgniter->initialize()
#3 {main}
in SYSTEMPATH\CLI\CLI.php on line 872.
 1 [internal function]: CodeIgniter\Debug\Exceptions->shutdownHandler()
