INFO - 2023-08-30 23:01:37 --> Session: Class initialized using 'CodeIgniter\Session\Handlers\FileHandler' driver.
INFO - 2023-08-30 23:01:55 --> Session: Class initialized using 'CodeIgniter\Session\Handlers\FileHandler' driver.
ERROR - 2023-08-30 23:01:56 --> Error connecting to the database: mysqli_sql_exception: Access denied for user 'scsport_ADMIN'@'177.26.239.228' (using password: YES) in C:\Users\felip\OneDrive\Desktop\APS - 8\system\Database\MySQLi\Connection.php:173
Stack trace:
#0 C:\Users\felip\OneDrive\Desktop\APS - 8\system\Database\MySQLi\Connection.php(173): mysqli->real_connect('50.116.86.134', 'scsport_ADMIN', Object(SensitiveParameterValue), 'scsport_APS_8_F', 3306, '', 0)
#1 C:\Users\felip\OneDrive\Desktop\APS - 8\system\Database\BaseConnection.php(391): CodeIgniter\Database\MySQLi\Connection->connect(false)
#2 C:\Users\felip\OneDrive\Desktop\APS - 8\system\Database\BaseConnection.php(574): CodeIgniter\Database\BaseConnection->initialize()
#3 C:\Users\felip\OneDrive\Desktop\APS - 8\system\Database\BaseBuilder.php(1616): CodeIgniter\Database\BaseConnection->query('SELECT *\nFROM `...', Array, false)
#4 C:\Users\felip\OneDrive\Desktop\APS - 8\system\Model.php(268): CodeIgniter\Database\BaseBuilder->get()
#5 C:\Users\felip\OneDrive\Desktop\APS - 8\system\BaseModel.php(656): CodeIgniter\Model->doFirst()
#6 C:\Users\felip\OneDrive\Desktop\APS - 8\app\Controllers\Login.php(32): CodeIgniter\BaseModel->first()
#7 C:\Users\felip\OneDrive\Desktop\APS - 8\system\CodeIgniter.php(932): App\Controllers\Login->logar()
#8 C:\Users\felip\OneDrive\Desktop\APS - 8\system\CodeIgniter.php(497): CodeIgniter\CodeIgniter->runController(Object(App\Controllers\Login))
#9 C:\Users\felip\OneDrive\Desktop\APS - 8\system\CodeIgniter.php(366): CodeIgniter\CodeIgniter->handleRequest(NULL, Object(Config\Cache), false)
#10 C:\Users\felip\OneDrive\Desktop\APS - 8\public\index.php(67): CodeIgniter\CodeIgniter->run()
#11 C:\Users\felip\OneDrive\Desktop\APS - 8\system\Commands\Server\rewrite.php(47): require_once('C:\\Users\\felip\\...')
#12 {main}

Next CodeIgniter\Database\Exceptions\DatabaseException: Access denied for user '****'@'177.26.239.228' (using password: YES) in C:\Users\felip\OneDrive\Desktop\APS - 8\system\Database\MySQLi\Connection.php:218
Stack trace:
#0 C:\Users\felip\OneDrive\Desktop\APS - 8\system\Database\BaseConnection.php(391): CodeIgniter\Database\MySQLi\Connection->connect(false)
#1 C:\Users\felip\OneDrive\Desktop\APS - 8\system\Database\BaseConnection.php(574): CodeIgniter\Database\BaseConnection->initialize()
#2 C:\Users\felip\OneDrive\Desktop\APS - 8\system\Database\BaseBuilder.php(1616): CodeIgniter\Database\BaseConnection->query('SELECT *\nFROM `...', Array, false)
#3 C:\Users\felip\OneDrive\Desktop\APS - 8\system\Model.php(268): CodeIgniter\Database\BaseBuilder->get()
#4 C:\Users\felip\OneDrive\Desktop\APS - 8\system\BaseModel.php(656): CodeIgniter\Model->doFirst()
#5 C:\Users\felip\OneDrive\Desktop\APS - 8\app\Controllers\Login.php(32): CodeIgniter\BaseModel->first()
#6 C:\Users\felip\OneDrive\Desktop\APS - 8\system\CodeIgniter.php(932): App\Controllers\Login->logar()
#7 C:\Users\felip\OneDrive\Desktop\APS - 8\system\CodeIgniter.php(497): CodeIgniter\CodeIgniter->runController(Object(App\Controllers\Login))
#8 C:\Users\felip\OneDrive\Desktop\APS - 8\system\CodeIgniter.php(366): CodeIgniter\CodeIgniter->handleRequest(NULL, Object(Config\Cache), false)
#9 C:\Users\felip\OneDrive\Desktop\APS - 8\public\index.php(67): CodeIgniter\CodeIgniter->run()
#10 C:\Users\felip\OneDrive\Desktop\APS - 8\system\Commands\Server\rewrite.php(47): require_once('C:\\Users\\felip\\...')
#11 {main}
CRITICAL - 2023-08-30 23:01:56 --> Unable to connect to the database.
Main connection [MySQLi]: Access denied for user '****'@'177.26.239.228' (using password: YES)
in SYSTEMPATH\Database\BaseConnection.php on line 427.
 1 SYSTEMPATH\Database\BaseConnection.php(574): CodeIgniter\Database\BaseConnection->initialize()
 2 SYSTEMPATH\Database\BaseBuilder.php(1616): CodeIgniter\Database\BaseConnection->query('SELECT *
FROM `USUARIOS`
WHERE `EMAIL` = :EMAIL:
AND `SENHA` = :SENHA:
 LIMIT 1', [...], false)
 3 SYSTEMPATH\Model.php(268): CodeIgniter\Database\BaseBuilder->get()
 4 SYSTEMPATH\BaseModel.php(656): CodeIgniter\Model->doFirst()
 5 APPPATH\Controllers\Login.php(32): CodeIgniter\BaseModel->first()
 6 SYSTEMPATH\CodeIgniter.php(932): App\Controllers\Login->logar()
 7 SYSTEMPATH\CodeIgniter.php(497): CodeIgniter\CodeIgniter->runController(Object(App\Controllers\Login))
 8 SYSTEMPATH\CodeIgniter.php(366): CodeIgniter\CodeIgniter->handleRequest(null, Object(Config\Cache), false)
 9 FCPATH\index.php(67): CodeIgniter\CodeIgniter->run()
10 SYSTEMPATH\Commands\Server\rewrite.php(47): require_once('C:\\Users\\felip\\OneDrive\\Desktop\\APS - 8\\public\\index.php')
INFO - 2023-08-30 23:02:28 --> Session: Class initialized using 'CodeIgniter\Session\Handlers\FileHandler' driver.
ERROR - 2023-08-30 23:02:29 --> Error connecting to the database: mysqli_sql_exception: Access denied for user 'scsport_ADMIN'@'177.26.247.139' (using password: YES) in C:\Users\felip\OneDrive\Desktop\APS - 8\system\Database\MySQLi\Connection.php:173
Stack trace:
#0 C:\Users\felip\OneDrive\Desktop\APS - 8\system\Database\MySQLi\Connection.php(173): mysqli->real_connect('50.116.86.134', 'scsport_ADMIN', Object(SensitiveParameterValue), 'scsport_APS_8_F', 3306, '', 0)
#1 C:\Users\felip\OneDrive\Desktop\APS - 8\system\Database\BaseConnection.php(391): CodeIgniter\Database\MySQLi\Connection->connect(false)
#2 C:\Users\felip\OneDrive\Desktop\APS - 8\system\Database\BaseConnection.php(574): CodeIgniter\Database\BaseConnection->initialize()
#3 C:\Users\felip\OneDrive\Desktop\APS - 8\system\Database\BaseBuilder.php(1616): CodeIgniter\Database\BaseConnection->query('SELECT *\nFROM `...', Array, false)
#4 C:\Users\felip\OneDrive\Desktop\APS - 8\system\Model.php(268): CodeIgniter\Database\BaseBuilder->get()
#5 C:\Users\felip\OneDrive\Desktop\APS - 8\system\BaseModel.php(656): CodeIgniter\Model->doFirst()
#6 C:\Users\felip\OneDrive\Desktop\APS - 8\app\Controllers\Login.php(32): CodeIgniter\BaseModel->first()
#7 C:\Users\felip\OneDrive\Desktop\APS - 8\system\CodeIgniter.php(932): App\Controllers\Login->logar()
#8 C:\Users\felip\OneDrive\Desktop\APS - 8\system\CodeIgniter.php(497): CodeIgniter\CodeIgniter->runController(Object(App\Controllers\Login))
#9 C:\Users\felip\OneDrive\Desktop\APS - 8\system\CodeIgniter.php(366): CodeIgniter\CodeIgniter->handleRequest(NULL, Object(Config\Cache), false)
#10 C:\Users\felip\OneDrive\Desktop\APS - 8\public\index.php(67): CodeIgniter\CodeIgniter->run()
#11 C:\Users\felip\OneDrive\Desktop\APS - 8\system\Commands\Server\rewrite.php(47): require_once('C:\\Users\\felip\\...')
#12 {main}

Next CodeIgniter\Database\Exceptions\DatabaseException: Access denied for user '****'@'177.26.247.139' (using password: YES) in C:\Users\felip\OneDrive\Desktop\APS - 8\system\Database\MySQLi\Connection.php:218
Stack trace:
#0 C:\Users\felip\OneDrive\Desktop\APS - 8\system\Database\BaseConnection.php(391): CodeIgniter\Database\MySQLi\Connection->connect(false)
#1 C:\Users\felip\OneDrive\Desktop\APS - 8\system\Database\BaseConnection.php(574): CodeIgniter\Database\BaseConnection->initialize()
#2 C:\Users\felip\OneDrive\Desktop\APS - 8\system\Database\BaseBuilder.php(1616): CodeIgniter\Database\BaseConnection->query('SELECT *\nFROM `...', Array, false)
#3 C:\Users\felip\OneDrive\Desktop\APS - 8\system\Model.php(268): CodeIgniter\Database\BaseBuilder->get()
#4 C:\Users\felip\OneDrive\Desktop\APS - 8\system\BaseModel.php(656): CodeIgniter\Model->doFirst()
#5 C:\Users\felip\OneDrive\Desktop\APS - 8\app\Controllers\Login.php(32): CodeIgniter\BaseModel->first()
#6 C:\Users\felip\OneDrive\Desktop\APS - 8\system\CodeIgniter.php(932): App\Controllers\Login->logar()
#7 C:\Users\felip\OneDrive\Desktop\APS - 8\system\CodeIgniter.php(497): CodeIgniter\CodeIgniter->runController(Object(App\Controllers\Login))
#8 C:\Users\felip\OneDrive\Desktop\APS - 8\system\CodeIgniter.php(366): CodeIgniter\CodeIgniter->handleRequest(NULL, Object(Config\Cache), false)
#9 C:\Users\felip\OneDrive\Desktop\APS - 8\public\index.php(67): CodeIgniter\CodeIgniter->run()
#10 C:\Users\felip\OneDrive\Desktop\APS - 8\system\Commands\Server\rewrite.php(47): require_once('C:\\Users\\felip\\...')
#11 {main}
CRITICAL - 2023-08-30 23:02:29 --> Unable to connect to the database.
Main connection [MySQLi]: Access denied for user '****'@'177.26.247.139' (using password: YES)
in SYSTEMPATH\Database\BaseConnection.php on line 427.
 1 SYSTEMPATH\Database\BaseConnection.php(574): CodeIgniter\Database\BaseConnection->initialize()
 2 SYSTEMPATH\Database\BaseBuilder.php(1616): CodeIgniter\Database\BaseConnection->query('SELECT *
FROM `USUARIOS`
WHERE `EMAIL` = :EMAIL:
AND `SENHA` = :SENHA:
 LIMIT 1', [...], false)
 3 SYSTEMPATH\Model.php(268): CodeIgniter\Database\BaseBuilder->get()
 4 SYSTEMPATH\BaseModel.php(656): CodeIgniter\Model->doFirst()
 5 APPPATH\Controllers\Login.php(32): CodeIgniter\BaseModel->first()
 6 SYSTEMPATH\CodeIgniter.php(932): App\Controllers\Login->logar()
 7 SYSTEMPATH\CodeIgniter.php(497): CodeIgniter\CodeIgniter->runController(Object(App\Controllers\Login))
 8 SYSTEMPATH\CodeIgniter.php(366): CodeIgniter\CodeIgniter->handleRequest(null, Object(Config\Cache), false)
 9 FCPATH\index.php(67): CodeIgniter\CodeIgniter->run()
10 SYSTEMPATH\Commands\Server\rewrite.php(47): require_once('C:\\Users\\felip\\OneDrive\\Desktop\\APS - 8\\public\\index.php')
INFO - 2023-08-30 23:02:46 --> Session: Class initialized using 'CodeIgniter\Session\Handlers\FileHandler' driver.
INFO - 2023-08-30 23:02:48 --> Session: Class initialized using 'CodeIgniter\Session\Handlers\FileHandler' driver.
INFO - 2023-08-30 23:09:29 --> Session: Class initialized using 'CodeIgniter\Session\Handlers\FileHandler' driver.
INFO - 2023-08-30 23:16:27 --> Session: Class initialized using 'CodeIgniter\Session\Handlers\FileHandler' driver.
CRITICAL - 2023-08-30 23:16:29 --> Undefined variable $data
in APPPATH\Views\painel-administrativo.php on line 33.
 1 APPPATH\Views\painel-administrativo.php(33): CodeIgniter\Debug\Exceptions->errorHandler(2, 'Undefined variable $data', 'C:\\Users\\felip\\OneDrive\\Desktop\\APS - 8\\app\\Views\\painel-administrativo.php', 33)
 2 SYSTEMPATH\View\View.php(224): include('C:\\Users\\felip\\OneDrive\\Desktop\\APS - 8\\app\\Views\\painel-administrativo.php')
 3 SYSTEMPATH\View\View.php(227): CodeIgniter\View\View->CodeIgniter\View\{closure}()
 4 SYSTEMPATH\Common.php(1176): CodeIgniter\View\View->render('painel-administrativo', [], true)
 5 APPPATH\Controllers\Painel.php(22): view('painel-administrativo', [])
 6 SYSTEMPATH\CodeIgniter.php(932): App\Controllers\Painel->index()
 7 SYSTEMPATH\CodeIgniter.php(497): CodeIgniter\CodeIgniter->runController(Object(App\Controllers\Painel))
 8 SYSTEMPATH\CodeIgniter.php(366): CodeIgniter\CodeIgniter->handleRequest(null, Object(Config\Cache), false)
 9 FCPATH\index.php(67): CodeIgniter\CodeIgniter->run()
10 SYSTEMPATH\Commands\Server\rewrite.php(47): require_once('C:\\Users\\felip\\OneDrive\\Desktop\\APS - 8\\public\\index.php')
INFO - 2023-08-30 23:16:55 --> Session: Class initialized using 'CodeIgniter\Session\Handlers\FileHandler' driver.
INFO - 2023-08-30 23:17:38 --> Session: Class initialized using 'CodeIgniter\Session\Handlers\FileHandler' driver.
INFO - 2023-08-30 23:18:15 --> Session: Class initialized using 'CodeIgniter\Session\Handlers\FileHandler' driver.
INFO - 2023-08-30 23:18:19 --> Session: Class initialized using 'CodeIgniter\Session\Handlers\FileHandler' driver.
INFO - 2023-08-30 23:19:25 --> Session: Class initialized using 'CodeIgniter\Session\Handlers\FileHandler' driver.
INFO - 2023-08-30 23:20:46 --> Session: Class initialized using 'CodeIgniter\Session\Handlers\FileHandler' driver.
INFO - 2023-08-30 23:21:18 --> Session: Class initialized using 'CodeIgniter\Session\Handlers\FileHandler' driver.
INFO - 2023-08-30 23:21:56 --> Session: Class initialized using 'CodeIgniter\Session\Handlers\FileHandler' driver.
INFO - 2023-08-30 23:22:23 --> Session: Class initialized using 'CodeIgniter\Session\Handlers\FileHandler' driver.
INFO - 2023-08-30 23:22:32 --> Session: Class initialized using 'CodeIgniter\Session\Handlers\FileHandler' driver.
INFO - 2023-08-30 23:22:57 --> Session: Class initialized using 'CodeIgniter\Session\Handlers\FileHandler' driver.
INFO - 2023-08-30 23:23:06 --> Session: Class initialized using 'CodeIgniter\Session\Handlers\FileHandler' driver.
INFO - 2023-08-30 23:23:12 --> Session: Class initialized using 'CodeIgniter\Session\Handlers\FileHandler' driver.
INFO - 2023-08-30 23:23:18 --> Session: Class initialized using 'CodeIgniter\Session\Handlers\FileHandler' driver.
INFO - 2023-08-30 23:23:36 --> Session: Class initialized using 'CodeIgniter\Session\Handlers\FileHandler' driver.
INFO - 2023-08-30 23:26:12 --> Session: Class initialized using 'CodeIgniter\Session\Handlers\FileHandler' driver.
INFO - 2023-08-30 23:28:07 --> Session: Class initialized using 'CodeIgniter\Session\Handlers\FileHandler' driver.
INFO - 2023-08-30 23:28:17 --> Session: Class initialized using 'CodeIgniter\Session\Handlers\FileHandler' driver.
INFO - 2023-08-30 23:28:36 --> Session: Class initialized using 'CodeIgniter\Session\Handlers\FileHandler' driver.
INFO - 2023-08-30 23:28:47 --> Session: Class initialized using 'CodeIgniter\Session\Handlers\FileHandler' driver.
INFO - 2023-08-30 23:30:01 --> Session: Class initialized using 'CodeIgniter\Session\Handlers\FileHandler' driver.
INFO - 2023-08-30 23:30:18 --> Session: Class initialized using 'CodeIgniter\Session\Handlers\FileHandler' driver.
INFO - 2023-08-30 23:30:38 --> Session: Class initialized using 'CodeIgniter\Session\Handlers\FileHandler' driver.
INFO - 2023-08-30 23:30:53 --> Session: Class initialized using 'CodeIgniter\Session\Handlers\FileHandler' driver.
INFO - 2023-08-30 23:31:01 --> Session: Class initialized using 'CodeIgniter\Session\Handlers\FileHandler' driver.
INFO - 2023-08-30 23:31:39 --> Session: Class initialized using 'CodeIgniter\Session\Handlers\FileHandler' driver.
INFO - 2023-08-30 23:31:49 --> Session: Class initialized using 'CodeIgniter\Session\Handlers\FileHandler' driver.
INFO - 2023-08-30 23:32:02 --> Session: Class initialized using 'CodeIgniter\Session\Handlers\FileHandler' driver.
INFO - 2023-08-30 23:33:52 --> Session: Class initialized using 'CodeIgniter\Session\Handlers\FileHandler' driver.
INFO - 2023-08-30 23:34:03 --> Session: Class initialized using 'CodeIgniter\Session\Handlers\FileHandler' driver.
INFO - 2023-08-30 23:34:14 --> Session: Class initialized using 'CodeIgniter\Session\Handlers\FileHandler' driver.
INFO - 2023-08-30 23:34:48 --> Session: Class initialized using 'CodeIgniter\Session\Handlers\FileHandler' driver.
INFO - 2023-08-30 23:35:35 --> Session: Class initialized using 'CodeIgniter\Session\Handlers\FileHandler' driver.
INFO - 2023-08-30 23:36:03 --> Session: Class initialized using 'CodeIgniter\Session\Handlers\FileHandler' driver.
INFO - 2023-08-30 23:36:27 --> Session: Class initialized using 'CodeIgniter\Session\Handlers\FileHandler' driver.
INFO - 2023-08-30 23:37:14 --> Session: Class initialized using 'CodeIgniter\Session\Handlers\FileHandler' driver.
INFO - 2023-08-30 23:37:30 --> Session: Class initialized using 'CodeIgniter\Session\Handlers\FileHandler' driver.
INFO - 2023-08-30 23:38:01 --> Session: Class initialized using 'CodeIgniter\Session\Handlers\FileHandler' driver.
INFO - 2023-08-30 23:38:16 --> Session: Class initialized using 'CodeIgniter\Session\Handlers\FileHandler' driver.
INFO - 2023-08-30 23:41:44 --> Session: Class initialized using 'CodeIgniter\Session\Handlers\FileHandler' driver.
INFO - 2023-08-30 23:42:43 --> Session: Class initialized using 'CodeIgniter\Session\Handlers\FileHandler' driver.
INFO - 2023-08-30 23:42:55 --> Session: Class initialized using 'CodeIgniter\Session\Handlers\FileHandler' driver.
INFO - 2023-08-30 23:43:04 --> Session: Class initialized using 'CodeIgniter\Session\Handlers\FileHandler' driver.
INFO - 2023-08-30 23:43:10 --> Session: Class initialized using 'CodeIgniter\Session\Handlers\FileHandler' driver.
INFO - 2023-08-30 23:43:18 --> Session: Class initialized using 'CodeIgniter\Session\Handlers\FileHandler' driver.
INFO - 2023-08-30 23:43:24 --> Session: Class initialized using 'CodeIgniter\Session\Handlers\FileHandler' driver.
INFO - 2023-08-30 23:43:38 --> Session: Class initialized using 'CodeIgniter\Session\Handlers\FileHandler' driver.
INFO - 2023-08-30 23:43:47 --> Session: Class initialized using 'CodeIgniter\Session\Handlers\FileHandler' driver.
INFO - 2023-08-30 23:44:03 --> Session: Class initialized using 'CodeIgniter\Session\Handlers\FileHandler' driver.
INFO - 2023-08-30 23:44:45 --> Session: Class initialized using 'CodeIgniter\Session\Handlers\FileHandler' driver.
